#
# There is insufficient memory for the Java Runtime Environment to continue.
# Native memory allocation (mmap) failed to map 132120576 bytes for G1 virtual space
# Possible reasons:
#   The system is out of physical RAM or swap space
#   The process is running with CompressedOops enabled, and the Java Heap may be blocking the growth of the native heap
# Possible solutions:
#   Reduce memory load on the system
#   Increase physical memory or swap space
#   Check if swap backing store is full
#   Decrease Java heap size (-Xmx/-Xms)
#   Decrease number of Java threads
#   Decrease Java thread stack sizes (-Xss)
#   Set larger code cache with -XX:ReservedCodeCacheSize=
#   JVM is running with Unscaled Compressed Oops mode in which the Java heap is
#     placed in the first 4GB address space. The Java Heap base address is the
#     maximum limit for the native heap growth. Please use -XX:HeapBaseMinAddress
#     to set the Java Heap base and to place the Java Heap above 4GB virtual address.
# This output file may be truncated or incomplete.
#
#  Out of Memory Error (os_windows.cpp:3559), pid=17016, tid=20204
#
# JRE version:  (17.0.7+7) (build )
# Java VM: OpenJDK 64-Bit Server VM (17.0.7+7, mixed mode, sharing, tiered, compressed oops, compressed class ptrs, g1 gc, windows-amd64)
# No core dump will be written. Minidumps are not enabled by default on client versions of Windows
#

---------------  S U M M A R Y ------------

Command Line: -XX:+ShowCodeDetailsInExceptionMessages com.example1.App

Host: Intel(R) Core(TM) i5-10210U CPU @ 1.60GHz, 8 cores, 7G,  Windows 10 , 64 bit Build 19041 (10.0.19041.3031)
Time: Thu Aug 10 02:54:49 2023 RTZ 2 (s 10 , 64 bit Build 19041 (10.0.19041.3031) elapsed time: 0.016697 seconds (0d 0h 0m 0s)

---------------  T H R E A D  ---------------

Current thread (0x000002299b38ed40):  JavaThread "Unknown thread" [_thread_in_vm, id=20204, stack(0x0000006f19300000,0x0000006f19400000)]

Stack: [0x0000006f19300000,0x0000006f19400000]
Native frames: (J=compiled Java code, j=interpreted, Vv=VM code, C=native code)
V  [jvm.dll+0x67754a]
V  [jvm.dll+0x834304]
V  [jvm.dll+0x835aae]
V  [jvm.dll+0x836113]
V  [jvm.dll+0x24696f]
V  [jvm.dll+0x6743f9]
V  [jvm.dll+0x668c8a]
V  [jvm.dll+0x3061bb]
V  [jvm.dll+0x30d6a6]
V  [jvm.dll+0x35cece]
V  [jvm.dll+0x35d0ff]
V  [jvm.dll+0x2dd048]
V  [jvm.dll+0x2ddfb4]
V  [jvm.dll+0x8066d1]
V  [jvm.dll+0x36ac91]
V  [jvm.dll+0x7e5cec]
V  [jvm.dll+0x3ed56f]
V  [jvm.dll+0x3ef0a1]
C  [jli.dll+0x528b]
C  [ucrtbase.dll+0x21bb2]
C  [KERNEL32.DLL+0x17614]
C  [ntdll.dll+0x526f1]


---------------  P R O C E S S  ---------------

Threads class SMR info:
_java_thread_list=0x00007ffa846b7018, length=0, elements={
}

Java Threads: ( => current thread )

Other Threads:
  0x000002299b3ea830 GCTaskThread "GC Thread#0" [stack: 0x0000006f19400000,0x0000006f19500000] [id=20172]
  0x000002299b3fb150 ConcurrentGCThread "G1 Main Marker" [stack: 0x0000006f19500000,0x0000006f19600000] [id=15880]
  0x000002299b3fc4e0 ConcurrentGCThread "G1 Conc#0" [stack: 0x0000006f19600000,0x0000006f19700000] [id=13504]

[error occurred during error reporting (printing all threads), id 0xc0000005, EXCEPTION_ACCESS_VIOLATION (0xc0000005) at pc=0x00007ffa83e8daf7]

VM state: not at safepoint (not fully initialized)

VM Mutex/Monitor currently owned by a thread:  ([mutex/lock_event])
[0x000002299b38a120] Heap_lock - owner thread: 0x000002299b38ed40

Heap address: 0x0000000082800000, size: 2008 MB, Compressed Oops mode: 32-bit

CDS archive(s) mapped at: [0x0000000000000000-0x0000000000000000-0x0000000000000000), size 0, SharedBaseAddress: 0x0000000800000000, ArchiveRelocationMode: 0.
Narrow klass base: 0x0000000000000000, Narrow klass shift: 0, Narrow klass range: 0x0

GC Precious Log:
<Empty>

Heap:
 garbage-first heap   total 0K, used 0K [0x0000000082800000, 0x0000000100000000)
  region size 1024K, 0 young (0K), 0 survivors (0K)

[error occurred during error reporting (printing heap information), id 0xc0000005, EXCEPTION_ACCESS_VIOLATION (0xc0000005) at pc=0x00007ffa84270db9]

GC Heap History (0 events):
No events

Dll operation events (1 events):
Event: 0.007 Loaded shared library C:\Users\Professional\.vscode\extensions\redhat.java-1.21.0-win32-x64\jre\17.0.7-win32-x86_64\bin\java.dll

Deoptimization events (0 events):
No events

Classes unloaded (0 events):
No events

Classes redefined (0 events):
No events

Internal exceptions (0 events):
No events

VM Operations (0 events):
No events

Events (0 events):
No events


Dynamic libraries:
0x00007ff774e80000 - 0x00007ff774e8e000 	C:\Users\Professional\.vscode\extensions\redhat.java-1.21.0-win32-x64\jre\17.0.7-win32-x86_64\bin\java.exe
0x00007ffaf64d0000 - 0x00007ffaf66c8000 	C:\Windows\SYSTEM32\ntdll.dll
0x00007ffade440000 - 0x00007ffade457000 	C:\Program Files\Avast Software\Avast\aswhook.dll
0x00007ffaf5d20000 - 0x00007ffaf5ddf000 	C:\Windows\System32\KERNEL32.DLL
0x00007ffaf3e40000 - 0x00007ffaf4136000 	C:\Windows\System32\KERNELBASE.dll
0x000000006aee0000 - 0x000000006af86000 	C:\Windows\System32\SYSFER.DLL
0x00007ffaf4430000 - 0x00007ffaf4530000 	C:\Windows\System32\ucrtbase.dll
0x00007ffad9c50000 - 0x00007ffad9c69000 	C:\Users\Professional\.vscode\extensions\redhat.java-1.21.0-win32-x64\jre\17.0.7-win32-x86_64\bin\VCRUNTIME140.dll
0x00007ffad9c30000 - 0x00007ffad9c47000 	C:\Users\Professional\.vscode\extensions\redhat.java-1.21.0-win32-x64\jre\17.0.7-win32-x86_64\bin\jli.dll
0x00007ffaf47c0000 - 0x00007ffaf495d000 	C:\Windows\System32\USER32.dll
0x00007ffaf3da0000 - 0x00007ffaf3dc2000 	C:\Windows\System32\win32u.dll
0x00007ffaf6460000 - 0x00007ffaf648c000 	C:\Windows\System32\GDI32.dll
0x00007ffaf4310000 - 0x00007ffaf4425000 	C:\Windows\System32\gdi32full.dll
0x00007ffaf4170000 - 0x00007ffaf420d000 	C:\Windows\System32\msvcp_win.dll
0x00007ffadf530000 - 0x00007ffadf7ca000 	C:\Windows\WinSxS\amd64_microsoft.windows.common-controls_6595b64144ccf1df_6.0.19041.1110_none_60b5254171f9507e\COMCTL32.dll
0x00007ffaf6060000 - 0x00007ffaf60fe000 	C:\Windows\System32\msvcrt.dll
0x00007ffaf5010000 - 0x00007ffaf5040000 	C:\Windows\System32\IMM32.DLL
0x00007ffadc1c0000 - 0x00007ffadc1cc000 	C:\Users\Professional\.vscode\extensions\redhat.java-1.21.0-win32-x64\jre\17.0.7-win32-x86_64\bin\vcruntime140_1.dll
0x00007ffa8cd40000 - 0x00007ffa8cdd1000 	C:\Users\Professional\.vscode\extensions\redhat.java-1.21.0-win32-x64\jre\17.0.7-win32-x86_64\bin\msvcp140.dll
0x00007ffa83ba0000 - 0x00007ffa847e8000 	C:\Users\Professional\.vscode\extensions\redhat.java-1.21.0-win32-x64\jre\17.0.7-win32-x86_64\bin\server\jvm.dll
0x00007ffaf4960000 - 0x00007ffaf4a0f000 	C:\Windows\System32\ADVAPI32.dll
0x00007ffaf5de0000 - 0x00007ffaf5e7c000 	C:\Windows\System32\sechost.dll
0x00007ffaf5f30000 - 0x00007ffaf6056000 	C:\Windows\System32\RPCRT4.dll
0x00007ffadd360000 - 0x00007ffadd369000 	C:\Windows\SYSTEM32\WSOCK32.dll
0x00007ffaf5180000 - 0x00007ffaf51eb000 	C:\Windows\System32\WS2_32.dll
0x00007ffaccf20000 - 0x00007ffaccf47000 	C:\Windows\SYSTEM32\WINMM.dll
0x00007ffaec530000 - 0x00007ffaec53a000 	C:\Windows\SYSTEM32\VERSION.dll
0x00007ffaf1a20000 - 0x00007ffaf1a32000 	C:\Windows\SYSTEM32\kernel.appcore.dll
0x00007ffadc140000 - 0x00007ffadc14a000 	C:\Users\Professional\.vscode\extensions\redhat.java-1.21.0-win32-x64\jre\17.0.7-win32-x86_64\bin\jimage.dll
0x00007ffae44f0000 - 0x00007ffae46d4000 	C:\Windows\SYSTEM32\DBGHELP.DLL
0x00007ffae44a0000 - 0x00007ffae44d4000 	C:\Windows\SYSTEM32\dbgcore.DLL
0x00007ffaf3bb0000 - 0x00007ffaf3c32000 	C:\Windows\System32\bcryptPrimitives.dll
0x00007ffad9190000 - 0x00007ffad91b5000 	C:\Users\Professional\.vscode\extensions\redhat.java-1.21.0-win32-x64\jre\17.0.7-win32-x86_64\bin\java.dll

dbghelp: loaded successfully - version: 4.0.5 - missing functions: none
symbol engine: initialized successfully - sym options: 0x614 - pdb path: .;C:\Users\Professional\.vscode\extensions\redhat.java-1.21.0-win32-x64\jre\17.0.7-win32-x86_64\bin;C:\Windows\SYSTEM32;C:\Program Files\Avast Software\Avast;C:\Windows\WinSxS\amd64_microsoft.windows.common-controls_6595b64144ccf1df_6.0.19041.1110_none_60b5254171f9507e;C:\Users\Professional\.vscode\extensions\redhat.java-1.21.0-win32-x64\jre\17.0.7-win32-x86_64\bin\server

VM Arguments:
jvm_args: -XX:+ShowCodeDetailsInExceptionMessages 
java_command: com.example1.App
java_class_path (initial): E:\project1\fort\demo1\target\classes;C:\Users\Professional\.m2\repository\com\mysql\mysql-connector-j\8.0.33\mysql-connector-j-8.0.33.jar;C:\Users\Professional\.m2\repository\com\google\protobuf\protobuf-java\3.21.9\protobuf-java-3.21.9.jar;C:\Users\Professional\.m2\repository\org\jsoup\jsoup\1.16.1\jsoup-1.16.1.jar
Launcher Type: SUN_STANDARD

[Global flags]
     intx CICompilerCount                          = 4                                         {product} {ergonomic}
     uint ConcGCThreads                            = 2                                         {product} {ergonomic}
     uint G1ConcRefinementThreads                  = 8                                         {product} {ergonomic}
   size_t G1HeapRegionSize                         = 1048576                                   {product} {ergonomic}
    uintx GCDrainStackTargetSize                   = 64                                        {product} {ergonomic}
   size_t InitialHeapSize                          = 132120576                                 {product} {ergonomic}
   size_t MarkStackSize                            = 4194304                                   {product} {ergonomic}
   size_t MaxHeapSize                              = 2105540608                                {product} {ergonomic}
   size_t MinHeapDeltaBytes                        = 1048576                                   {product} {ergonomic}
   size_t MinHeapSize                              = 8388608                                   {product} {ergonomic}
    uintx NonNMethodCodeHeapSize                   = 5839372                                {pd product} {ergonomic}
    uintx NonProfiledCodeHeapSize                  = 122909434                              {pd product} {ergonomic}
    uintx ProfiledCodeHeapSize                     = 122909434                              {pd product} {ergonomic}
    uintx ReservedCodeCacheSize                    = 251658240                              {pd product} {ergonomic}
     bool SegmentedCodeCache                       = true                                      {product} {ergonomic}
     bool ShowCodeDetailsInExceptionMessages       = true                                   {manageable} {command line}
   size_t SoftMaxHeapSize                          = 2105540608                             {manageable} {ergonomic}
     bool UseCompressedClassPointers               = true                           {product lp64_product} {ergonomic}
     bool UseCompressedOops                        = true                           {product lp64_product} {ergonomic}
     bool UseG1GC                                  = true                                      {product} {ergonomic}
     bool UseLargePagesIndividualAllocation        = false                                  {pd product} {ergonomic}

Logging:
Log output configuration:
 #0: stdout all=warning uptime,level,tags
 #1: stderr all=off uptime,level,tags

Environment Variables:
JAVA_HOME=C:\Users\Professional\AppData\Local\Programs\Eclipse Adoptium\jdk-17.0.6.10-hotspot\
PATH=C:\Program Files\Common Files\Oracle\Java\javapath;C:\Python27\Lib\site-packages\PyQt4;C:\Windows\system32;C:\Windows;C:\Windows\System32\Wbem;C:\Windows\System32\WindowsPowerShell\v1.0\;C:\Windows\System32\OpenSSH\;C:\Program Files\Git\cmd;C:\Program Files\MySQL\MySQL Server 8.0\bin\mysql.exe;C:\Windows\System32;C:\Users\Professional\AppData\Local\Programs\Eclipse Adoptium\jdk-17.0.6.10-hotspot\bin;C:\Users\Professional\AppData\Local\Microsoft\WindowsApps;E:\flut\flutter\bin;;d:\Programming\JetBrains\PyCharm Community Edition 2022.2.1\bin;;C:\Users\Professional\AppData\Local\Programs\Microsoft VS Code\bin
USERNAME=Professional
LANG=en_US.UTF-8
OS=Windows_NT
PROCESSOR_IDENTIFIER=Intel64 Family 6 Model 142 Stepping 12, GenuineIntel
TMP=C:\Users\PROFES~1\AppData\Local\Temp
TEMP=C:\Users\PROFES~1\AppData\Local\Temp



---------------  S Y S T E M  ---------------

OS:
 Windows 10 , 64 bit Build 19041 (10.0.19041.3031)
OS uptime: 0 days 14:31 hours
Hyper-V role detected

CPU: total 8 (initial active 8) (4 cores per cpu, 2 threads per core) family 6 model 142 stepping 12 microcode 0xc6, cx8, cmov, fxsr, ht, mmx, 3dnowpref, sse, sse2, sse3, ssse3, sse4.1, sse4.2, popcnt, lzcnt, tsc, tscinvbit, avx, avx2, aes, erms, clmul, bmi1, bmi2, adx, fma, vzeroupper, clflush, clflushopt, hv

Memory: 4k page, system-wide physical 8025M (700M free)
TotalPageFile size 14577M (AvailPageFile size 89M)
current process WorkingSet (physical memory assigned to process): 11M, peak: 11M
current process commit charge ("private bytes"): 60M, peak: 186M

vm_info: OpenJDK 64-Bit Server VM (17.0.7+7) for windows-amd64 JRE (17.0.7+7), built on Apr 18 2023 22:10:42 by "temurin" with MS VC++ 16.7 (VS2019)

END.
